<?xml version="1.0" encoding="UTF-8"?>
<!-- Generated by org.testng.reporters.JUnitReportReporter -->
<testsuite hostname="SEEMAs-MacBook-Pro.local" failures="0" tests="2" name="pckg1.HomePageTest" time="0.004" errors="0" timestamp="2022-03-05T12:38:14 IST" skipped="0">
  <testcase classname="pckg1.HomePageTest" name="test6" time="0.003"/>
  <system-out/>
  <testcase classname="pckg1.HomePageTest" name="test3" time="0.001"/>
  <system-out/>
</testsuite> <!-- pckg1.HomePageTest -->
