<?xml version="1.0" encoding="UTF-8"?>
<!-- Generated by org.testng.reporters.JUnitReportReporter -->
<testsuite hostname="SEEMAs-MacBook-Pro.local" failures="0" tests="2" name="pckg1.AnnotationExample" time="0.003" errors="0" timestamp="2022-03-05T12:25:02 IST" skipped="1">
  <testcase classname="pckg1.AnnotationExample" name="text2" time="0.003"/>
  <system-out/>
  <testcase classname="pckg1.AnnotationExample" name="text1">
    <skipped/>
  </testcase> <!-- text1 -->
  <system-out/>
</testsuite> <!-- pckg1.AnnotationExample -->
