<?xml version="1.0" encoding="UTF-8"?>
<!-- Generated by org.testng.reporters.JUnitReportReporter -->
<testsuite hostname="SEEMAs-MacBook-Pro.local" failures="0" tests="1" name="Test2.CheckoutTest" time="0.001" errors="0" timestamp="2022-03-05T10:46:37 IST" skipped="0">
  <testcase classname="Test2.CheckoutTest" name="test4" time="0.001"/>
  <system-out/>
</testsuite> <!-- Test2.CheckoutTest -->
