<?xml version="1.0" encoding="UTF-8"?>
<!-- Generated by org.testng.reporters.JUnitReportReporter -->
<testsuite hostname="SEEMAs-MacBook-Pro.local" failures="0" tests="1" name="Test.HomePageTest" time="0.001" errors="0" timestamp="2022-03-05T10:46:37 IST" skipped="0">
  <testcase classname="Test.HomePageTest" name="test3" time="0.001"/>
  <system-out/>
</testsuite> <!-- Test.HomePageTest -->
